<?xml version="1.0" encoding="UTF-8"?>
<!-- Generated by org.testng.reporters.JUnitReportReporter -->
<testsuite hostname="ABHINAY-PC" failures="0" tests="1" name="hy.testhon.hytest_autoui.HytestAutouiApplicationTests" time="0.012" errors="0" timestamp="2025-06-28T02:40:15 IST" skipped="0">
  <testcase classname="hy.testhon.hytest_autoui.HytestAutouiApplicationTests" name="heyOneTests" time="0.012"/>
  <system-out/>
</testsuite> <!-- hy.testhon.hytest_autoui.HytestAutouiApplicationTests -->
